<?xml version="1.0" encoding="UTF-8"?>
<!-- Generated by org.testng.reporters.JUnitReportReporter -->
<testsuite hostname="Sethu_Personal" failures="0" tests="2" name="runner.RunCucumberTest" time="6.077" errors="0" timestamp="2024-07-07T11:42:33 IST" skipped="0">
  <testcase classname="runner.RunCucumberTest" name="runScenario" time="3.953"/>
  <system-out/>
  <testcase classname="runner.RunCucumberTest" name="runScenario" time="2.124"/>
  <system-out/>
</testsuite> <!-- runner.RunCucumberTest -->
