<?xml version="1.0" encoding="UTF-8"?>
<!-- Generated by org.testng.reporters.JUnitReportReporter -->
<testsuite hostname="Sethu_Personal" failures="0" tests="1" name="chaining.DeleteIncident" time="2.309" errors="0" timestamp="2024-07-07T11:26:29 IST" skipped="0">
  <testcase classname="chaining.DeleteIncident" name="deleteIncident" time="2.309"/>
  <system-out/>
</testsuite> <!-- chaining.DeleteIncident -->
