<?xml version="1.0" encoding="UTF-8"?>
<!-- Generated by org.testng.reporters.JUnitReportReporter -->
<testsuite hostname="Sethu_Personal" failures="0" tests="1" name="chaining.CreateIncidentWithReqBodyasFile" time="2.229" errors="0" timestamp="2024-07-07T11:26:29 IST" skipped="0">
  <testcase classname="chaining.CreateIncidentWithReqBodyasFile" name="createIncident" time="2.229"/>
  <system-out/>
</testsuite> <!-- chaining.CreateIncidentWithReqBodyasFile -->
