<?xml version="1.0" encoding="UTF-8"?>
<!-- Generated by org.testng.reporters.JUnitReportReporter -->
<testsuite hostname="Sethu_Personal" failures="0" tests="1" name="chaining.UpdateIncidentUsingPATCH" time="2.336" errors="0" timestamp="2024-07-07T11:26:29 IST" skipped="0">
  <testcase classname="chaining.UpdateIncidentUsingPATCH" name="updateIncident" time="2.336"/>
  <system-out/>
</testsuite> <!-- chaining.UpdateIncidentUsingPATCH -->
